<?xml version="1.0" encoding="UTF-8"?>
<testsuite name="com.example.pdfgemmarag.ui.screens.MarkdownParserTest" tests="2" skipped="0" failures="0" errors="0" timestamp="2026-09-11T13:25:03.929Z" hostname="redacted-local-host" time="0.0">
  <properties/>
  <testcase name="parses common model response blocks" classname="com.example.pdfgemmarag.ui.screens.MarkdownParserTest" time="0.0"/>
  <testcase name="parses fenced code without showing fence markers" classname="com.example.pdfgemmarag.ui.screens.MarkdownParserTest" time="0.0"/>
  <system-out><![CDATA[]]></system-out>
  <system-err><![CDATA[]]></system-err>
</testsuite>
