<?xml version="1.0" encoding="UTF-8"?>
<testsuite name="com.example.pdfgemmarag.inference.pdf.MatrixScaleLabelTest" tests="1" skipped="0" failures="0" errors="0" timestamp="2026-09-11T13:25:03.889Z" hostname="redacted-local-host" time="0.002">
  <properties/>
  <testcase name="scale suffixes in labels are ignored when matching the question" classname="com.example.pdfgemmarag.inference.pdf.MatrixScaleLabelTest" time="0.002"/>
  <system-out><![CDATA[]]></system-out>
  <system-err><![CDATA[]]></system-err>
</testsuite>
