<?xml version="1.0" encoding="UTF-8"?>
<testsuite name="com.example.pdfgemmarag.inference.ocr.ScriptDetectorTest" tests="6" skipped="0" failures="0" errors="0" timestamp="2026-09-11T13:25:03.870Z" hostname="redacted-local-host" time="0.001">
  <properties/>
  <testcase name="korean" classname="com.example.pdfgemmarag.inference.ocr.ScriptDetectorTest" time="0.0"/>
  <testcase name="mostly english with a few cjk chars stays latin" classname="com.example.pdfgemmarag.inference.ocr.ScriptDetectorTest" time="0.0"/>
  <testcase name="japanese" classname="com.example.pdfgemmarag.inference.ocr.ScriptDetectorTest" time="0.0"/>
  <testcase name="latin" classname="com.example.pdfgemmarag.inference.ocr.ScriptDetectorTest" time="0.0"/>
  <testcase name="chinese" classname="com.example.pdfgemmarag.inference.ocr.ScriptDetectorTest" time="0.0"/>
  <testcase name="empty and digits are latin" classname="com.example.pdfgemmarag.inference.ocr.ScriptDetectorTest" time="0.0"/>
  <system-out><![CDATA[]]></system-out>
  <system-err><![CDATA[]]></system-err>
</testsuite>
