<?xml version="1.0" encoding="UTF-8"?>
<testsuite name="com.example.pdfgemmarag.inference.chat.TablePlanningTest" tests="6" skipped="0" failures="0" errors="0" timestamp="2026-09-11T13:25:02.812Z" hostname="redacted-local-host" time="0.007">
  <properties/>
  <testcase name="titled table request resolves against the caption" classname="com.example.pdfgemmarag.inference.chat.TablePlanningTest" time="0.0"/>
  <testcase name="table 1-1 is not section 1-1" classname="com.example.pdfgemmarag.inference.chat.TablePlanningTest" time="0.0"/>
  <testcase name="parenthesized caption number resolves the same as a dotted table id" classname="com.example.pdfgemmarag.inference.chat.TablePlanningTest" time="0.001"/>
  <testcase name="relative risk title prefers the risk grid over likelihood" classname="com.example.pdfgemmarag.inference.chat.TablePlanningTest" time="0.0"/>
  <testcase name="explicit table number resolves without treating it as a section" classname="com.example.pdfgemmarag.inference.chat.TablePlanningTest" time="0.0"/>
  <testcase name="chunker writes table identity that the manifest keeps" classname="com.example.pdfgemmarag.inference.chat.TablePlanningTest" time="0.006"/>
  <system-out><![CDATA[]]></system-out>
  <system-err><![CDATA[]]></system-err>
</testsuite>
